<?xml version="1.0" encoding="UTF-8"?>
<!-- Generated by org.testng.reporters.JUnitReportReporter -->
<testsuite skipped="0" hostname="LAPTOP-9T6JMJ0J" name="test.TestNG" tests="2" failures="0" timestamp="01 Jun 2021 18:07:16 GMT" time="21.317" errors="0">
  <testcase name="logIn" time="14.601" classname="test.TestNG"/>
  <testcase name="sort" time="6.716" classname="test.TestNG"/>
</testsuite> <!-- test.TestNG -->
